MongoDB shell version: 2.4.8
connecting to: imdb
{
	"result" : [
		{
			"_id" : "The Twilight Saga: Breaking Dawn Part 1",
			"count" : 87521
		},
		{
			"_id" : "The Hunger Games",
			"count" : 79340
		},
		{
			"_id" : "Marvel's The Avengers",
			"count" : 64356
		},
		{
			"_id" : "Harry Potter and the Deathly Hallows: Part II",
			"count" : 33680
		},
		{
			"_id" : "The Muppets",
			"count" : 29002
		},
		{
			"_id" : "Captain America: The First Avenger",
			"count" : 28406
		},
		{
			"_id" : "Avatar",
			"count" : 23238
		},
		{
			"_id" : "Thor",
			"count" : 23207
		},
		{
			"_id" : "The Hangover",
			"count" : 22709
		},
		{
			"_id" : "Titanic",
			"count" : 20791
		}
	],
	"ok" : 1
}
